<?xml version="1.0" encoding="UTF-8"?>
<!-- Generated by org.testng.reporters.JUnitXMLReporter -->
<testsuite hostname="DESKTOP-DQDLEA6" ignored="0" name="Default test" tests="5" failures="0" timestamp="22 Dec 2021 17:22:45 GMT" time="0.629" errors="0">
  <testcase name="practiseTest2" time="0.141" classname="com.opencart.qa.tests.practiseTestNGAnnotation"/>
  <testcase name="practiseTest1" time="0.008" classname="com.opencart.qa.tests.practiseTestNGAnnotation"/>
  <testcase name="practiseTest1" time="0.006" classname="com.opencart.qa.tests.practiseTestNGAnnotation"/>
  <testcase name="practiseTest1" time="0.006" classname="com.opencart.qa.tests.practiseTestNGAnnotation"/>
  <testcase name="practiseTest1" time="0.006" classname="com.opencart.qa.tests.practiseTestNGAnnotation"/>
</testsuite> <!-- Default test -->
