<?xml version="1.0" encoding="UTF-8"?>
<testng-results skipped="0" failed="0" ignored="0" total="5" passed="5">
  <reporter-output>
  </reporter-output>
  <suite name="Default suite" duration-ms="629" started-at="2021-12-22T17:22:44Z" finished-at="2021-12-22T17:22:45Z">
    <groups>
    </groups>
    <test name="Default test" duration-ms="629" started-at="2021-12-22T17:22:44Z" finished-at="2021-12-22T17:22:45Z">
      <class name="com.opencart.qa.tests.practiseTestNGAnnotation">
        <test-method status="PASS" signature="BeforeSuite()[pri:0, instance:com.opencart.qa.tests.practiseTestNGAnnotation@71c5b236]" name="BeforeSuite" is-config="true" duration-ms="70" started-at="2021-12-22T17:22:44Z" finished-at="2021-12-22T17:22:44Z">
          <reporter-output>
          </reporter-output>
        </test-method> <!-- BeforeSuite -->
        <test-method status="PASS" signature="BeforeTest()[pri:0, instance:com.opencart.qa.tests.practiseTestNGAnnotation@71c5b236]" name="BeforeTest" is-config="true" duration-ms="1" started-at="2021-12-22T17:22:44Z" finished-at="2021-12-22T17:22:44Z">
          <reporter-output>
          </reporter-output>
        </test-method> <!-- BeforeTest -->
        <test-method status="PASS" signature="BeforeClass()[pri:0, instance:com.opencart.qa.tests.practiseTestNGAnnotation@71c5b236]" name="BeforeClass" is-config="true" duration-ms="2" started-at="2021-12-22T17:22:44Z" finished-at="2021-12-22T17:22:44Z">
          <reporter-output>
          </reporter-output>
        </test-method> <!-- BeforeClass -->
        <test-method status="PASS" signature="BeforeMethod()[pri:0, instance:com.opencart.qa.tests.practiseTestNGAnnotation@71c5b236]" name="BeforeMethod" is-config="true" duration-ms="0" started-at="2021-12-22T17:22:44Z" finished-at="2021-12-22T17:22:44Z">
          <reporter-output>
          </reporter-output>
        </test-method> <!-- BeforeMethod -->
        <test-method status="PASS" signature="practiseTest2()[pri:1, instance:com.opencart.qa.tests.practiseTestNGAnnotation@71c5b236]" name="practiseTest2" duration-ms="141" started-at="2021-12-22T17:22:44Z" finished-at="2021-12-22T17:22:44Z">
          <reporter-output>
          </reporter-output>
        </test-method> <!-- practiseTest2 -->
        <test-method status="PASS" signature="afterMethod()[pri:0, instance:com.opencart.qa.tests.practiseTestNGAnnotation@71c5b236]" name="afterMethod" is-config="true" duration-ms="1" started-at="2021-12-22T17:22:44Z" finished-at="2021-12-22T17:22:44Z">
          <reporter-output>
          </reporter-output>
        </test-method> <!-- afterMethod -->
        <test-method status="PASS" signature="BeforeMethod()[pri:0, instance:com.opencart.qa.tests.practiseTestNGAnnotation@71c5b236]" name="BeforeMethod" is-config="true" duration-ms="2" started-at="2021-12-22T17:22:44Z" finished-at="2021-12-22T17:22:44Z">
          <reporter-output>
          </reporter-output>
        </test-method> <!-- BeforeMethod -->
        <test-method status="PASS" signature="practiseTest1(java.lang.String, java.lang.String)[pri:2, instance:com.opencart.qa.tests.practiseTestNGAnnotation@71c5b236]" name="practiseTest1" duration-ms="8" started-at="2021-12-22T17:22:44Z" data-provider="dataMethod" finished-at="2021-12-22T17:22:44Z">
          <params>
            <param index="0">
              <value>
                <![CDATA[fn1]]>
              </value>
            </param>
            <param index="1">
              <value>
                <![CDATA[ln1]]>
              </value>
            </param>
          </params>
          <reporter-output>
          </reporter-output>
        </test-method> <!-- practiseTest1 -->
        <test-method status="PASS" signature="afterMethod()[pri:0, instance:com.opencart.qa.tests.practiseTestNGAnnotation@71c5b236]" name="afterMethod" is-config="true" duration-ms="1" started-at="2021-12-22T17:22:44Z" finished-at="2021-12-22T17:22:44Z">
          <reporter-output>
          </reporter-output>
        </test-method> <!-- afterMethod -->
        <test-method status="PASS" signature="BeforeMethod()[pri:0, instance:com.opencart.qa.tests.practiseTestNGAnnotation@71c5b236]" name="BeforeMethod" is-config="true" duration-ms="1" started-at="2021-12-22T17:22:44Z" finished-at="2021-12-22T17:22:44Z">
          <reporter-output>
          </reporter-output>
        </test-method> <!-- BeforeMethod -->
        <test-method status="PASS" signature="practiseTest1(java.lang.String, java.lang.String)[pri:2, instance:com.opencart.qa.tests.practiseTestNGAnnotation@71c5b236]" name="practiseTest1" duration-ms="6" started-at="2021-12-22T17:22:44Z" data-provider="dataMethod" finished-at="2021-12-22T17:22:44Z">
          <params>
            <param index="0">
              <value>
                <![CDATA[fn2]]>
              </value>
            </param>
            <param index="1">
              <value>
                <![CDATA[ln2]]>
              </value>
            </param>
          </params>
          <reporter-output>
          </reporter-output>
        </test-method> <!-- practiseTest1 -->
        <test-method status="PASS" signature="afterMethod()[pri:0, instance:com.opencart.qa.tests.practiseTestNGAnnotation@71c5b236]" name="afterMethod" is-config="true" duration-ms="0" started-at="2021-12-22T17:22:44Z" finished-at="2021-12-22T17:22:44Z">
          <reporter-output>
          </reporter-output>
        </test-method> <!-- afterMethod -->
        <test-method status="PASS" signature="BeforeMethod()[pri:0, instance:com.opencart.qa.tests.practiseTestNGAnnotation@71c5b236]" name="BeforeMethod" is-config="true" duration-ms="0" started-at="2021-12-22T17:22:44Z" finished-at="2021-12-22T17:22:44Z">
          <reporter-output>
          </reporter-output>
        </test-method> <!-- BeforeMethod -->
        <test-method status="PASS" signature="practiseTest1(java.lang.String, java.lang.String)[pri:2, instance:com.opencart.qa.tests.practiseTestNGAnnotation@71c5b236]" name="practiseTest1" duration-ms="6" started-at="2021-12-22T17:22:44Z" data-provider="dataMethod" finished-at="2021-12-22T17:22:44Z">
          <params>
            <param index="0">
              <value>
                <![CDATA[fn3]]>
              </value>
            </param>
            <param index="1">
              <value>
                <![CDATA[ln3]]>
              </value>
            </param>
          </params>
          <reporter-output>
          </reporter-output>
        </test-method> <!-- practiseTest1 -->
        <test-method status="PASS" signature="afterMethod()[pri:0, instance:com.opencart.qa.tests.practiseTestNGAnnotation@71c5b236]" name="afterMethod" is-config="true" duration-ms="2" started-at="2021-12-22T17:22:44Z" finished-at="2021-12-22T17:22:44Z">
          <reporter-output>
          </reporter-output>
        </test-method> <!-- afterMethod -->
        <test-method status="PASS" signature="BeforeMethod()[pri:0, instance:com.opencart.qa.tests.practiseTestNGAnnotation@71c5b236]" name="BeforeMethod" is-config="true" duration-ms="1" started-at="2021-12-22T17:22:45Z" finished-at="2021-12-22T17:22:45Z">
          <reporter-output>
          </reporter-output>
        </test-method> <!-- BeforeMethod -->
        <test-method status="PASS" signature="practiseTest1(java.lang.String, java.lang.String)[pri:2, instance:com.opencart.qa.tests.practiseTestNGAnnotation@71c5b236]" name="practiseTest1" duration-ms="6" started-at="2021-12-22T17:22:45Z" data-provider="dataMethod" finished-at="2021-12-22T17:22:45Z">
          <params>
            <param index="0">
              <value>
                <![CDATA[fn4]]>
              </value>
            </param>
            <param index="1">
              <value>
                <![CDATA[fn4]]>
              </value>
            </param>
          </params>
          <reporter-output>
          </reporter-output>
        </test-method> <!-- practiseTest1 -->
        <test-method status="PASS" signature="afterMethod()[pri:0, instance:com.opencart.qa.tests.practiseTestNGAnnotation@71c5b236]" name="afterMethod" is-config="true" duration-ms="0" started-at="2021-12-22T17:22:45Z" finished-at="2021-12-22T17:22:45Z">
          <reporter-output>
          </reporter-output>
        </test-method> <!-- afterMethod -->
        <test-method status="PASS" signature="afterClass()[pri:0, instance:com.opencart.qa.tests.practiseTestNGAnnotation@71c5b236]" name="afterClass" is-config="true" duration-ms="2" started-at="2021-12-22T17:22:45Z" finished-at="2021-12-22T17:22:45Z">
          <reporter-output>
          </reporter-output>
        </test-method> <!-- afterClass -->
        <test-method status="PASS" signature="afterTest()[pri:0, instance:com.opencart.qa.tests.practiseTestNGAnnotation@71c5b236]" name="afterTest" is-config="true" duration-ms="2" started-at="2021-12-22T17:22:45Z" finished-at="2021-12-22T17:22:45Z">
          <reporter-output>
          </reporter-output>
        </test-method> <!-- afterTest -->
        <test-method status="PASS" signature="afterSuite()[pri:0, instance:com.opencart.qa.tests.practiseTestNGAnnotation@71c5b236]" name="afterSuite" is-config="true" duration-ms="1" started-at="2021-12-22T17:22:45Z" finished-at="2021-12-22T17:22:45Z">
          <reporter-output>
          </reporter-output>
        </test-method> <!-- afterSuite -->
      </class> <!-- com.opencart.qa.tests.practiseTestNGAnnotation -->
    </test> <!-- Default test -->
  </suite> <!-- Default suite -->
</testng-results>
